<?xml version="1.0" encoding="UTF-8"?>
<!DOCTYPE suite SYSTEM "http://testng.org/testng-1.0.dtd">

<suite name="ExecutorServiceRegressions" parallel="methods" thread-count="1">
    <test name="RegressionTests">
        <classes>
            <class name="org.muks.interviews.executorservice.ExecutorServiceTests" />
        </classes>
    </test>

</suite>
